<?xml version="1.0" encoding="UTF-8"?>
<!-- Generated by org.testng.reporters.JUnitReportReporter -->
<testsuite hostname="DESKTOP-SMTEURG" failures="0" tests="1" name="test_Cases.TextValidation" time="15.219" errors="0" timestamp="2022-09-28T19:14:50 IST" skipped="0">
  <testcase classname="test_Cases.TextValidation" name="verifyText" time="15.219"/>
  <system-out/>
</testsuite> <!-- test_Cases.TextValidation -->
